# JRE version: OpenJDK Runtime Environment (21.0.5) (build 21.0.5+-13047016-b750.29)
# Java VM: OpenJDK 64-Bit Server VM (21.0.5+-13047016-b750.29, mixed mode, tiered, compressed oops, compressed class ptrs, g1 gc, windows-amd64)
GC Precious Log:
 CardTable entry size: 512
 Card Set container configuration: InlinePtr #cards 5 size 8 Array Of Cards #cards 12 size 40 Howl #buckets 4 coarsen threshold 1843 Howl Bitmap #cards 512 size 80 coarsen threshold 460 Card regions per heap region 1 cards per card region 2048
 CPUs: 8 total, 8 available
 Memory: 7991M
 Large Page Support: Disabled
 NUMA Support: Disabled
 Compressed Oops: Enabled (32-bit)
 Heap Region Size: 1M
 Heap Min Capacity: 8M
 Heap Initial Capacity: 126M
 Heap Max Capacity: 1998M
 Pre-touch: Disabled
 Parallel Workers: 8
 Concurrent Workers: 2
 Concurrent Refinement Workers: 8
 Periodic GC: Disabled
Heap:
 garbage-first heap   total 134144K, used 90982K [0x0000000083200000, 0x0000000100000000)
  region size 1024K, 4 young (4096K), 4 survivors (4096K)
 Metaspace       used 58217K, committed 59008K, reserved 1114112K
  class space    used 6667K, committed 7040K, reserved 1048576K
GC Heap History (20 events):
Event: 5.911 GC heap after
{Heap after GC invocations=15 (full 0):
 garbage-first heap   total 73728K, used 39430K [0x0000000083200000, 0x0000000100000000)
  region size 1024K, 1 young (1024K), 1 survivors (1024K)
 Metaspace       used 46806K, committed 47488K, reserved 1114112K
  class space    used 5577K, committed 5888K, reserved 1048576K
}
Event: 6.452 GC heap before
{Heap before GC invocations=15 (full 0):
 garbage-first heap   total 73728K, used 61958K [0x0000000083200000, 0x0000000100000000)
  region size 1024K, 23 young (23552K), 1 survivors (1024K)
 Metaspace       used 48229K, committed 49024K, reserved 1114112K
  class space    used 5690K, committed 6080K, reserved 1048576K
}
Event: 6.465 GC heap after
{Heap after GC invocations=16 (full 0):
 garbage-first heap   total 73728K, used 43858K [0x0000000083200000, 0x0000000100000000)
  region size 1024K, 3 young (3072K), 3 survivors (3072K)
 Metaspace       used 48229K, committed 49024K, reserved 1114112K
  class space    used 5690K, committed 6080K, reserved 1048576K
}
Event: 7.150 GC heap before
{Heap before GC invocations=17 (full 0):
 garbage-first heap   total 73728K, used 63314K [0x0000000083200000, 0x0000000100000000)
  region size 1024K, 22 young (22528K), 3 survivors (3072K)
 Metaspace       used 50000K, committed 50816K, reserved 1114112K
  class space    used 5861K, committed 6272K, reserved 1048576K
}
Event: 7.177 GC heap after
{Heap after GC invocations=18 (full 0):
 garbage-first heap   total 73728K, used 48883K [0x0000000083200000, 0x0000000100000000)
  region size 1024K, 3 young (3072K), 3 survivors (3072K)
 Metaspace       used 50000K, committed 50816K, reserved 1114112K
  class space    used 5861K, committed 6272K, reserved 1048576K
}
Event: 7.600 GC heap before
{Heap before GC invocations=18 (full 0):
 garbage-first heap   total 73728K, used 63219K [0x0000000083200000, 0x0000000100000000)
  region size 1024K, 17 young (17408K), 3 survivors (3072K)
 Metaspace       used 52590K, committed 53376K, reserved 1114112K
  class space    used 6124K, committed 6528K, reserved 1048576K
}
Event: 7.616 GC heap after
{Heap after GC invocations=19 (full 0):
 garbage-first heap   total 73728K, used 51400K [0x0000000083200000, 0x0000000100000000)
  region size 1024K, 3 young (3072K), 3 survivors (3072K)
 Metaspace       used 52590K, committed 53376K, reserved 1114112K
  class space    used 6124K, committed 6528K, reserved 1048576K
}
Event: 7.936 GC heap before
{Heap before GC invocations=19 (full 0):
 garbage-first heap   total 73728K, used 63688K [0x0000000083200000, 0x0000000100000000)
  region size 1024K, 15 young (15360K), 3 survivors (3072K)
 Metaspace       used 54498K, committed 55296K, reserved 1114112K
  class space    used 6377K, committed 6784K, reserved 1048576K
}
Event: 7.949 GC heap after
{Heap after GC invocations=20 (full 0):
 garbage-first heap   total 106496K, used 53833K [0x0000000083200000, 0x0000000100000000)
  region size 1024K, 2 young (2048K), 2 survivors (2048K)
 Metaspace       used 54498K, committed 55296K, reserved 1114112K
  class space    used 6377K, committed 6784K, reserved 1048576K
}
Event: 9.041 GC heap before
{Heap before GC invocations=21 (full 0):
 garbage-first heap   total 106496K, used 89673K [0x0000000083200000, 0x0000000100000000)
  region size 1024K, 35 young (35840K), 2 survivors (2048K)
 Metaspace       used 56549K, committed 57344K, reserved 1114112K
  class space    used 6595K, committed 6976K, reserved 1048576K
}
Event: 9.073 GC heap after
{Heap after GC invocations=22 (full 0):
 garbage-first heap   total 106496K, used 63656K [0x0000000083200000, 0x0000000100000000)
  region size 1024K, 5 young (5120K), 5 survivors (5120K)
 Metaspace       used 56549K, committed 57344K, reserved 1114112K
  class space    used 6595K, committed 6976K, reserved 1048576K
}
Event: 9.713 GC heap before
{Heap before GC invocations=22 (full 0):
 garbage-first heap   total 106496K, used 90280K [0x0000000083200000, 0x0000000100000000)
  region size 1024K, 31 young (31744K), 5 survivors (5120K)
 Metaspace       used 56973K, committed 57728K, reserved 1114112K
  class space    used 6602K, committed 6976K, reserved 1048576K
}
Event: 9.748 GC heap after
{Heap after GC invocations=23 (full 0):
 garbage-first heap   total 106496K, used 71526K [0x0000000083200000, 0x0000000100000000)
  region size 1024K, 4 young (4096K), 4 survivors (4096K)
 Metaspace       used 56973K, committed 57728K, reserved 1114112K
  class space    used 6602K, committed 6976K, reserved 1048576K
}
Event: 10.303 GC heap before
{Heap before GC invocations=23 (full 0):
 garbage-first heap   total 106496K, used 92006K [0x0000000083200000, 0x0000000100000000)
  region size 1024K, 24 young (24576K), 4 survivors (4096K)
 Metaspace       used 57719K, committed 58496K, reserved 1114112K
  class space    used 6637K, committed 7040K, reserved 1048576K
}
Event: 10.330 GC heap after
{Heap after GC invocations=24 (full 0):
 garbage-first heap   total 106496K, used 76134K [0x0000000083200000, 0x0000000100000000)
  region size 1024K, 3 young (3072K), 3 survivors (3072K)
 Metaspace       used 57719K, committed 58496K, reserved 1114112K
  class space    used 6637K, committed 7040K, reserved 1048576K
}
Event: 10.732 GC heap before
{Heap before GC invocations=25 (full 0):
 garbage-first heap   total 128000K, used 93542K [0x0000000083200000, 0x0000000100000000)
  region size 1024K, 20 young (20480K), 3 survivors (3072K)
 Metaspace       used 58050K, committed 58816K, reserved 1114112K
  class space    used 6662K, committed 7040K, reserved 1048576K
}
Event: 10.747 GC heap after
{Heap after GC invocations=26 (full 0):
 garbage-first heap   total 128000K, used 79718K [0x0000000083200000, 0x0000000100000000)
  region size 1024K, 3 young (3072K), 3 survivors (3072K)
 Metaspace       used 58050K, committed 58816K, reserved 1114112K
  class space    used 6662K, committed 7040K, reserved 1048576K
}
Event: 11.064 GC heap before
{Heap before GC invocations=26 (full 0):
 garbage-first heap   total 128000K, used 109414K [0x0000000083200000, 0x0000000100000000)
  region size 1024K, 32 young (32768K), 3 survivors (3072K)
 Metaspace       used 58138K, committed 58880K, reserved 1114112K
  class space    used 6663K, committed 7040K, reserved 1048576K
}
Event: 11.082 GC heap after
{Heap after GC invocations=27 (full 0):
 garbage-first heap   total 128000K, used 85347K [0x0000000083200000, 0x0000000100000000)
  region size 1024K, 4 young (4096K), 4 survivors (4096K)
 Metaspace       used 58138K, committed 58880K, reserved 1114112K
  class space    used 6663K, committed 7040K, reserved 1048576K
}
Event: 11.420 GC heap before
{Heap before GC invocations=27 (full 0):
 garbage-first heap   total 128000K, used 111971K [0x0000000083200000, 0x0000000100000000)
  region size 1024K, 30 young (30720K), 4 survivors (4096K)
 Metaspace       used 58217K, committed 59008K, reserved 1114112K
  class space    used 6667K, committed 7040K, reserved 1048576K
}

